<?xml version="1.0" encoding="UTF-8"?>
<testng-results skipped="0" failed="1" ignored="0" total="1" passed="0">
  <reporter-output>
  </reporter-output>
  <suite name="Default suite" duration-ms="2176" started-at="2019-06-14T09:29:35Z" finished-at="2019-06-14T09:29:37Z">
    <groups>
    </groups>
    <test name="Default test" duration-ms="2176" started-at="2019-06-14T09:29:35Z" finished-at="2019-06-14T09:29:37Z">
      <class name="com.imclnew.SelfcarePortal.Test.LoginTestCase">
        <test-method status="PASS" signature="initApplication(java.lang.String)[pri:0, instance:com.imclnew.SelfcarePortal.Test.LoginTestCase@30b8a058]" name="initApplication" is-config="true" duration-ms="10220" started-at="2019-06-14T09:29:24Z" finished-at="2019-06-14T09:29:35Z">
          <params>
            <param index="0">
              <value>
                <![CDATA[chrome]]>
              </value>
            </param>
          </params>
          <reporter-output>
          </reporter-output>
        </test-method> <!-- initApplication -->
        <test-method status="PASS" signature="extent()[pri:0, instance:com.imclnew.SelfcarePortal.Test.LoginTestCase@30b8a058]" name="extent" is-config="true" duration-ms="594" started-at="2019-06-14T09:29:35Z" finished-at="2019-06-14T09:29:35Z">
          <reporter-output>
          </reporter-output>
        </test-method> <!-- extent -->
        <test-method status="FAIL" signature="login_to_selfcare_portal()[pri:0, instance:com.imclnew.SelfcarePortal.Test.LoginTestCase@30b8a058]" name="login_to_selfcare_portal" duration-ms="80" started-at="2019-06-14T09:29:35Z" finished-at="2019-06-14T09:29:35Z">
          <exception class="java.lang.NumberFormatException">
            <message>
              <![CDATA[For input string: ""]]>
            </message>
            <full-stacktrace>
              <![CDATA[java.lang.NumberFormatException: For input string: ""
at java.lang.NumberFormatException.forInputString(NumberFormatException.java:65)
at java.lang.Long.parseLong(Long.java:601)
at java.lang.Long.parseLong(Long.java:631)
at com.imclnew.SelfcarePortal.POM.BasePage.<init>(BasePage.java:27)
at com.imclnew.SelfcarePortal.POM.LoginPage.<init>(LoginPage.java:46)
at com.imclnew.SelfcarePortal.Test.LoginTestCase.login_to_selfcare_portal(LoginTestCase.java:15)
at sun.reflect.NativeMethodAccessorImpl.invoke0(Native Method)
at sun.reflect.NativeMethodAccessorImpl.invoke(NativeMethodAccessorImpl.java:62)
at sun.reflect.DelegatingMethodAccessorImpl.invoke(DelegatingMethodAccessorImpl.java:43)
at java.lang.reflect.Method.invoke(Method.java:498)
at org.testng.internal.MethodInvocationHelper.invokeMethod(MethodInvocationHelper.java:124)
at org.testng.internal.Invoker.invokeMethod(Invoker.java:583)
at org.testng.internal.Invoker.invokeTestMethod(Invoker.java:719)
at org.testng.internal.Invoker.invokeTestMethods(Invoker.java:989)
at org.testng.internal.TestMethodWorker.invokeTestMethods(TestMethodWorker.java:125)
at org.testng.internal.TestMethodWorker.run(TestMethodWorker.java:109)
at org.testng.TestRunner.privateRun(TestRunner.java:648)
at org.testng.TestRunner.run(TestRunner.java:505)
at org.testng.SuiteRunner.runTest(SuiteRunner.java:455)
at org.testng.SuiteRunner.runSequentially(SuiteRunner.java:450)
at org.testng.SuiteRunner.privateRun(SuiteRunner.java:415)
at org.testng.SuiteRunner.run(SuiteRunner.java:364)
at org.testng.SuiteRunnerWorker.runSuite(SuiteRunnerWorker.java:52)
at org.testng.SuiteRunnerWorker.run(SuiteRunnerWorker.java:84)
at org.testng.TestNG.runSuitesSequentially(TestNG.java:1208)
at org.testng.TestNG.runSuitesLocally(TestNG.java:1137)
at org.testng.TestNG.runSuites(TestNG.java:1049)
at org.testng.TestNG.run(TestNG.java:1017)
at org.testng.remote.AbstractRemoteTestNG.run(AbstractRemoteTestNG.java:115)
at org.testng.remote.RemoteTestNG.initAndRun(RemoteTestNG.java:251)
at org.testng.remote.RemoteTestNG.main(RemoteTestNG.java:77)
]]>
            </full-stacktrace>
          </exception> <!-- java.lang.NumberFormatException -->
          <reporter-output>
          </reporter-output>
        </test-method> <!-- login_to_selfcare_portal -->
        <test-method status="PASS" signature="TakeScreenshot(org.testng.ITestResult)[pri:0, instance:com.imclnew.SelfcarePortal.Test.LoginTestCase@30b8a058]" name="TakeScreenshot" is-config="true" duration-ms="803" started-at="2019-06-14T09:29:35Z" finished-at="2019-06-14T09:29:36Z">
          <params>
            <param index="0">
              <value>
                <![CDATA[[TestResult name=login_to_selfcare_portal status=FAILURE method=LoginTestCase.login_to_selfcare_portal()[pri:0, instance:com.imclnew.SelfcarePortal.Test.LoginTestCase@30b8a058] output={null}]]]>
              </value>
            </param>
          </params>
          <reporter-output>
          </reporter-output>
        </test-method> <!-- TakeScreenshot -->
        <test-method status="PASS" signature="test()[pri:0, instance:com.imclnew.SelfcarePortal.Test.LoginTestCase@30b8a058]" name="test" is-config="true" duration-ms="641" started-at="2019-06-14T09:29:36Z" finished-at="2019-06-14T09:29:37Z">
          <reporter-output>
          </reporter-output>
        </test-method> <!-- test -->
        <test-method status="PASS" signature="CloseFramework()[pri:0, instance:com.imclnew.SelfcarePortal.Test.LoginTestCase@30b8a058]" name="CloseFramework" is-config="true" duration-ms="1" started-at="2019-06-14T09:29:37Z" finished-at="2019-06-14T09:29:37Z">
          <reporter-output>
          </reporter-output>
        </test-method> <!-- CloseFramework -->
      </class> <!-- com.imclnew.SelfcarePortal.Test.LoginTestCase -->
    </test> <!-- Default test -->
  </suite> <!-- Default suite -->
</testng-results>
